-------------------------------------------------------------------------------
Test set: cucumber.RotateImageTest
-------------------------------------------------------------------------------
Tests run: 1, Failures: 0, Errors: 1, Skipped: 0, Time elapsed: 0.001 s <<< FAILURE! - in cucumber.RotateImageTest
cucumber.RotateImageTest.initializationError  Time elapsed: 0.001 s  <<< ERROR!
java.lang.Exception: Method then should have no parameters

