-------------------------------------------------------------------------------
Test set: cucumber.RunCucumberTest
-------------------------------------------------------------------------------
Tests run: 9, Failures: 1, Errors: 0, Skipped: 0, Time elapsed: 0.755 s <<< FAILURE! - in cucumber.RunCucumberTest
Is List a Palindrome.Basic working, Example table? #6  Time elapsed: 0.015 s  <<< FAILURE!
java.lang.AssertionError: should be: (false, 1) expected:<true> but was:<false>

