<?xml version="1.0" encoding="UTF-8"?>
<testsuite xmlns:xsi="http://www.w3.org/2001/XMLSchema-instance" xsi:noNamespaceSchemaLocation="https://maven.apache.org/surefire/maven-surefire-plugin/xsd/surefire-test-report-3.0.xsd" version="3.0" name="cucumber.RunCucumberTest" time="0.755" tests="9" errors="0" skipped="0" failures="1">
  <properties>
[...]
</properties>
  <testcase name="Basic working, Example table? #1" classname="Is List a Palindrome" time="0.186"/>
  <testcase name="Basic working, Example table? #2" classname="Is List a Palindrome" time="0.008"/>
  <testcase name="Basic working, Example table? #3" classname="Is List a Palindrome" time="0.009"/>
  <testcase name="Basic working, Example table? #4" classname="Is List a Palindrome" time="0.007"/>
  <testcase name="Basic working, Example table? #5" classname="Is List a Palindrome" time="0.007"/>
  <testcase name="Basic working, Example table? #6" classname="Is List a Palindrome" time="0.015">
    <failure message="should be: (false, 1) expected:&lt;true&gt; but was:&lt;false&gt;" type="java.lang.AssertionError"><![CDATA[java.lang.AssertionError: should be: (false, 1) expected:<true> but was:<false>
]]></failure>
  </testcase>
  <testcase name="Basic working, Example table? #7" classname="Is List a Palindrome" time="0.006"/>
  <testcase name="Basic working, Example table? #8" classname="Is List a Palindrome" time="0.006"/>
  <testcase name="Basic working, Example table? #9" classname="Is List a Palindrome" time="0.007"/>
</testsuite>